[PerformanceTracker] SQLite initialized: hf_trades.db

######################################################################
# BTC High-Frequency Trading Bot - DRY-RUN ðŸ§ª
# Edge threshold: 10.0% | Profit target: 5.0%
# Stop loss: edge < 1.0% AND losing
# Kelly: 25.0% | Max contracts/trade: 10
# Max exposure: 50.0% of bankroll
# Max slippage: 5Â¢ spread
# Refresh: 10s | Cutoff: 15 min
# Starting balance: $200.00
# Press Ctrl+C to stop
######################################################################


============================================================
ðŸ” Scan at 23:57:02 ET (3 min to settlement)
============================================================
ðŸ“Š BTC: $90,384.60
ðŸ“ˆ Volatility (15m): 0.0144%
ðŸ“‹ 75 markets for KXBTCD-25DEC1300
ðŸ’° Bankroll: $200.00
ðŸ“Š Exposure: $0.00 / $100.00 (0.0%)
â° Trading cutoff: 3 min remaining (< 15 min)
   Will only manage existing positions, no new entries

============================================================
ðŸ” Scan at 23:57:13 ET (3 min to settlement)
============================================================
ðŸ“Š BTC: $90,384.59
ðŸ“ˆ Volatility (15m): 0.0144%
ðŸ“‹ 75 markets for KXBTCD-25DEC1300
ðŸ’° Bankroll: $200.00
ðŸ“Š Exposure: $0.00 / $100.00 (0.0%)
â° Trading cutoff: 3 min remaining (< 15 min)
   Will only manage existing positions, no new entries

============================================================
ðŸ” Scan at 23:57:25 ET (3 min to settlement)
============================================================
ðŸ“Š BTC: $90,369.84
ðŸ“ˆ Volatility (15m): 0.0145%
ðŸ“‹ 75 markets for KXBTCD-25DEC1300
ðŸ’° Bankroll: $200.00
ðŸ“Š Exposure: $0.00 / $100.00 (0.0%)
â° Trading cutoff: 3 min remaining (< 15 min)
   Will only manage existing positions, no new entries

============================================================
ðŸ” Scan at 23:57:36 ET (3 min to settlement)
============================================================
ðŸ“Š BTC: $90,373.41
ðŸ“ˆ Volatility (15m): 0.0145%
ðŸ“‹ 75 markets for KXBTCD-25DEC1300
ðŸ’° Bankroll: $200.00
ðŸ“Š Exposure: $0.00 / $100.00 (0.0%)
â° Trading cutoff: 3 min remaining (< 15 min)
   Will only manage existing positions, no new entries

============================================================
ðŸ” Scan at 23:57:47 ET (3 min to settlement)
============================================================
ðŸ“Š BTC: $90,379.00
ðŸ“ˆ Volatility (15m): 0.0145%
ðŸ“‹ 75 markets for KXBTCD-25DEC1300
ðŸ’° Bankroll: $200.00
ðŸ“Š Exposure: $0.00 / $100.00 (0.0%)
â° Trading cutoff: 3 min remaining (< 15 min)
   Will only manage existing positions, no new entries

============================================================
ðŸ” Scan at 23:57:58 ET (3 min to settlement)
============================================================
ðŸ“Š BTC: $90,375.99
ðŸ“ˆ Volatility (15m): 0.0145%
ðŸ“‹ 75 markets for KXBTCD-25DEC1300
ðŸ’° Bankroll: $200.00
ðŸ“Š Exposure: $0.00 / $100.00 (0.0%)
â° Trading cutoff: 3 min remaining (< 15 min)
   Will only manage existing positions, no new entries

============================================================
ðŸ” Scan at 23:58:10 ET (2 min to settlement)
============================================================
ðŸ“Š BTC: $90,376.01
ðŸ“ˆ Volatility (15m): 0.0145%
ðŸ“‹ 75 markets for KXBTCD-25DEC1300
ðŸ’° Bankroll: $200.00
ðŸ“Š Exposure: $0.00 / $100.00 (0.0%)
â° Trading cutoff: 2 min remaining (< 15 min)
   Will only manage existing positions, no new entries

============================================================
ðŸ” Scan at 23:58:21 ET (2 min to settlement)
============================================================
ðŸ“Š BTC: $90,379.99
ðŸ“ˆ Volatility (15m): 0.0145%
ðŸ“‹ 75 markets for KXBTCD-25DEC1300
ðŸ’° Bankroll: $200.00
ðŸ“Š Exposure: $0.00 / $100.00 (0.0%)
â° Trading cutoff: 2 min remaining (< 15 min)
   Will only manage existing positions, no new entries

============================================================
ðŸ” Scan at 23:58:32 ET (2 min to settlement)
============================================================
ðŸ“Š BTC: $90,388.01
ðŸ“ˆ Volatility (15m): 0.0145%
ðŸ“‹ 75 markets for KXBTCD-25DEC1300
ðŸ’° Bankroll: $200.00
ðŸ“Š Exposure: $0.00 / $100.00 (0.0%)
â° Trading cutoff: 2 min remaining (< 15 min)
   Will only manage existing positions, no new entries

============================================================
ðŸ” Scan at 23:58:43 ET (2 min to settlement)
============================================================
ðŸ“Š BTC: $90,386.01
ðŸ“ˆ Volatility (15m): 0.0145%
ðŸ“‹ 75 markets for KXBTCD-25DEC1300
ðŸ’° Bankroll: $200.00
ðŸ“Š Exposure: $0.00 / $100.00 (0.0%)
â° Trading cutoff: 2 min remaining (< 15 min)
   Will only manage existing positions, no new entries

============================================================
ðŸ” Scan at 23:58:55 ET (2 min to settlement)
============================================================
ðŸ“Š BTC: $90,385.54
ðŸ“ˆ Volatility (15m): 0.0145%
ðŸ“‹ 75 markets for KXBTCD-25DEC1300
ðŸ’° Bankroll: $200.00
ðŸ“Š Exposure: $0.00 / $100.00 (0.0%)
â° Trading cutoff: 2 min remaining (< 15 min)
   Will only manage existing positions, no new entries

============================================================
ðŸ” Scan at 23:59:06 ET (1 min to settlement)
============================================================
ðŸ“Š BTC: $90,396.01
ðŸ“ˆ Volatility (15m): 0.0145%
ðŸ“‹ 75 markets for KXBTCD-25DEC1300
ðŸ’° Bankroll: $200.00
ðŸ“Š Exposure: $0.00 / $100.00 (0.0%)
â° Trading cutoff: 1 min remaining (< 15 min)
   Will only manage existing positions, no new entries

============================================================
ðŸ” Scan at 23:59:17 ET (1 min to settlement)
============================================================
ðŸ“Š BTC: $90,382.91
ðŸ“ˆ Volatility (15m): 0.0145%
ðŸ“‹ 75 markets for KXBTCD-25DEC1300
ðŸ’° Bankroll: $200.00
ðŸ“Š Exposure: $0.00 / $100.00 (0.0%)
â° Trading cutoff: 1 min remaining (< 15 min)
   Will only manage existing positions, no new entries

============================================================
ðŸ” Scan at 23:59:28 ET (1 min to settlement)
============================================================
ðŸ“Š BTC: $90,384.21
ðŸ“ˆ Volatility (15m): 0.0145%
ðŸ“‹ 75 markets for KXBTCD-25DEC1300
ðŸ’° Bankroll: $200.00
ðŸ“Š Exposure: $0.00 / $100.00 (0.0%)
â° Trading cutoff: 1 min remaining (< 15 min)
   Will only manage existing positions, no new entries

============================================================
ðŸ” Scan at 23:59:40 ET (1 min to settlement)
============================================================
ðŸ“Š BTC: $90,384.21
ðŸ“ˆ Volatility (15m): 0.0145%
ðŸ“‹ 75 markets for KXBTCD-25DEC1300
ðŸ’° Bankroll: $200.00
ðŸ“Š Exposure: $0.00 / $100.00 (0.0%)
â° Trading cutoff: 1 min remaining (< 15 min)
   Will only manage existing positions, no new entries

============================================================
ðŸ” Scan at 23:59:51 ET (1 min to settlement)
============================================================
ðŸ“Š BTC: $90,384.21
ðŸ“ˆ Volatility (15m): 0.0145%
ðŸ“‹ 75 markets for KXBTCD-25DEC1300
ðŸ’° Bankroll: $200.00
ðŸ“Š Exposure: $0.00 / $100.00 (0.0%)
â° Trading cutoff: 1 min remaining (< 15 min)
   Will only manage existing positions, no new entries

============================================================
ðŸ” Scan at 00:00:03 ET (60 min to settlement)
============================================================
ðŸ“Š BTC: $90,388.34
ðŸ“ˆ Volatility (15m): 0.0145%
[SKIP] No markets for KXBTCD-25DEC1301
ðŸ“Š Settlement: KXBTCD-25DEC1300-T90749.99 â†’ NO_WIN (BTC: $90,388.34, Strike: $90,750)
ðŸ“Š Settlement: KXBTCD-25DEC1300-T90499.99 â†’ NO_WIN (BTC: $90,388.34, Strike: $90,500)
   ðŸ“Š Updated 2 contract settlements

============================================================
ðŸ” Scan at 00:00:14 ET (60 min to settlement)
============================================================
ðŸ“Š BTC: $90,386.76
ðŸ“ˆ Volatility (15m): 0.0145%
[SKIP] No markets for KXBTCD-25DEC1301

============================================================
ðŸ” Scan at 00:00:25 ET (60 min to settlement)
============================================================
ðŸ“Š BTC: $90,381.65