🔄 Starting status.json generator with S3 upload (Ctrl+C to stop)
Current time: 2025-12-19 10:47 ET
Mode: LIVE - MAKING CHANGES
------------------------------------------------------------
Found 5 open positions
  ⏰ ACTIVE: KXBTCD-25DEC1911-T88999.99 settles at 11:00 ET
  ⏰ ACTIVE: KXBTCD-25DEC1911-T88249.99 settles at 11:00 ET
  ⏰ ACTIVE: KXBTCD-25DEC1911-T89249.99 settles at 11:00 ET
  ⏰ ACTIVE: KXBTCD-25DEC1911-T88749.99 settles at 11:00 ET
  ⏰ ACTIVE: KXBTCD-25DEC1911-T88499.99 settles at 11:00 ET
------------------------------------------------------------
Positions to close: 0
Total P&L: $0.00
✅ Generated status.json at 09:47:20
✅ Generated status.json at 09:47:32
✅ Generated status.json at 09:47:43
✅ Generated status.json at 09:47:55
✅ Generated status.json at 09:48:06
✅ Generated status.json at 09:48:18
Current time: 2025-12-19 10:48 ET
Mode: LIVE - MAKING CHANGES
------------------------------------------------------------
Found 5 open positions
  ⏰ ACTIVE: KXBTCD-25DEC1911-T88999.99 settles at 11:00 ET
  ⏰ ACTIVE: KXBTCD-25DEC1911-T88249.99 settles at 11:00 ET
  ⏰ ACTIVE: KXBTCD-25DEC1911-T89249.99 settles at 11:00 ET
  ⏰ ACTIVE: KXBTCD-25DEC1911-T88749.99 settles at 11:00 ET
  ⏰ ACTIVE: KXBTCD-25DEC1911-T88499.99 settles at 11:00 ET
------------------------------------------------------------
Positions to close: 0
Total P&L: $0.00
✅ Generated status.json at 09:48:30
✅ Generated status.json at 09:48:43
✅ Generated status.json at 09:48:54
✅ Generated status.json at 09:49:06
✅ Generated status.json at 09:49:18
Current time: 2025-12-19 10:49 ET
Mode: LIVE - MAKING CHANGES
------------------------------------------------------------
Found 5 open positions
  ⏰ ACTIVE: KXBTCD-25DEC1911-T88999.99 settles at 11:00 ET
  ⏰ ACTIVE: KXBTCD-25DEC1911-T88249.99 settles at 11:00 ET
  ⏰ ACTIVE: KXBTCD-25DEC1911-T89249.99 settles at 11:00 ET
  ⏰ ACTIVE: KXBTCD-25DEC1911-T88749.99 settles at 11:00 ET
  ⏰ ACTIVE: KXBTCD-25DEC1911-T88499.99 settles at 11:00 ET
------------------------------------------------------------
Positions to close: 0
Total P&L: $0.00
✅ Generated status.json at 09:49:31
✅ Generated status.json at 09:49:42
✅ Generated status.json at 09:49:54
✅ Generated status.json at 09:50:06
✅ Generated status.json at 09:50:17
✅ Generated status.json at 09:50:29
Current time: 2025-12-19 10:50 ET
Mode: LIVE - MAKING CHANGES
------------------------------------------------------------
Found 5 open positions
  ⏰ ACTIVE: KXBTCD-25DEC1911-T88999.99 settles at 11:00 ET
  ⏰ ACTIVE: KXBTCD-25DEC1911-T88249.99 settles at 11:00 ET
  ⏰ ACTIVE: KXBTCD-25DEC1911-T89249.99 settles at 11:00 ET
  ⏰ ACTIVE: KXBTCD-25DEC1911-T88749.99 settles at 11:00 ET
  ⏰ ACTIVE: KXBTCD-25DEC1911-T88499.99 settles at 11:00 ET
------------------------------------------------------------
Positions to close: 0
Total P&L: $0.00
✅ Generated status.json at 09:50:41
✅ Generated status.json at 09:50:52
✅ Generated status.json at 09:51:04
✅ Generated status.json at 09:51:16
✅ Generated status.json at 09:51:32
Current time: 2025-12-19 10:51 ET
Mode: LIVE - MAKING CHANGES
------------------------------------------------------------
Found 5 open positions
  ⏰ ACTIVE: KXBTCD-25DEC1911-T88999.99 settles at 11:00 ET
  ⏰ ACTIVE: KXBTCD-25DEC1911-T88249.99 settles at 11:00 ET
  ⏰ ACTIVE: KXBTCD-25DEC1911-T89249.99 settles at 11:00 ET
  ⏰ ACTIVE: KXBTCD-25DEC1911-T88749.99 settles at 11:00 ET
  ⏰ ACTIVE: KXBTCD-25DEC1911-T88499.99 settles at 11:00 ET
------------------------------------------------------------
Positions to close: 0
Total P&L: $0.00
✅ Generated status.json at 09:51:44
✅ Generated status.json at 09:51:56
✅ Generated status.json at 09:52:08
✅ Generated status.json at 09:52:19
✅ Generated status.json at 09:52:31
✅ Generated status.json at 09:52:42
Current time: 2025-12-19 10:52 ET
Mode: LIVE - MAKING CHANGES
------------------------------------------------------------
Found 5 open positions
  ⏰ ACTIVE: KXBTCD-25DEC1911-T88999.99 settles at 11:00 ET
  ⏰ ACTIVE: KXBTCD-25DEC1911-T88249.99 settles at 11:00 ET
  ⏰ ACTIVE: KXBTCD-25DEC1911-T89249.99 settles at 11:00 ET
  ⏰ ACTIVE: KXBTCD-25DEC1911-T88749.99 settles at 11:00 ET
  ⏰ ACTIVE: KXBTCD-25DEC1911-T88499.99 settles at 11:00 ET
------------------------------------------------------------
Positions to close: 0
Total P&L: $0.00
✅ Generated status.json at 09:52:54
✅ Generated status.json at 09:53:05
✅ Generated status.json at 09:53:17
✅ Generated status.json at 09:53:29
✅ Generated status.json at 09:53:41
✅ Generated status.json at 09:53:53
Current time: 2025-12-19 10:54 ET
Mode: LIVE - MAKING CHANGES
------------------------------------------------------------
Found 5 open positions
  ⏰ ACTIVE: KXBTCD-25DEC1911-T88999.99 settles at 11:00 ET
  ⏰ ACTIVE: KXBTCD-25DEC1911-T88249.99 settles at 11:00 ET
  ⏰ ACTIVE: KXBTCD-25DEC1911-T89249.99 settles at 11:00 ET
  ⏰ ACTIVE: KXBTCD-25DEC1911-T88749.99 settles at 11:00 ET
  ⏰ ACTIVE: KXBTCD-25DEC1911-T88499.99 settles at 11:00 ET
------------------------------------------------------------
Positions to close: 0
Total P&L: $0.00
✅ Generated status.json at 09:54:04
✅ Generated status.json at 09:54:16
✅ Generated status.json at 09:54:28
✅ Generated status.json at 09:54:40
✅ Generated status.json at 09:54:51
✅ Generated status.json at 09:55:03
Current time: 2025-12-19 10:55 ET
Mode: LIVE - MAKING CHANGES
------------------------------------------------------------
Found 5 open positions
  ⏰ ACTIVE: KXBTCD-25DEC1911-T88999.99 settles at 11:00 ET
  ⏰ ACTIVE: KXBTCD-25DEC1911-T88249.99 settles at 11:00 ET
  ⏰ ACTIVE: KXBTCD-25DEC1911-T89249.99 settles at 11:00 ET
  ⏰ ACTIVE: KXBTCD-25DEC1911-T88749.99 settles at 11:00 ET
  ⏰ ACTIVE: KXBTCD-25DEC1911-T88499.99 settles at 11:00 ET
------------------------------------------------------------
Positions to close: 0
Total P&L: $0.00
✅ Generated status.json at 09:55:15
✅ Generated status.json at 09:55:27
✅ Generated status.json at 09:55:38
✅ Generated status.json at 09:55:50
✅ Generated status.json at 09:56:01
✅ Generated status.json at 09:56:13
Current time: 2025-12-19 10:56 ET
Mode: LIVE - MAKING CHANGES
------------------------------------------------------------
Found 5 open positions
  ⏰ ACTIVE: KXBTCD-25DEC1911-T88999.99 settles at 11:00 ET
  ⏰ ACTIVE: KXBTCD-25DEC1911-T88249.99 settles at 11:00 ET
  ⏰ ACTIVE: KXBTCD-25DEC1911-T89249.99 settles at 11:00 ET
  ⏰ ACTIVE: KXBTCD-25DEC1911-T88749.99 settles at 11:00 ET
  ⏰ ACTIVE: KXBTCD-25DEC1911-T88499.99 settles at 11:00 ET
------------------------------------------------------------
Positions to close: 0
Total P&L: $0.00
✅ Generated status.json at 09:56:25
✅ Generated status.json at 09:56:37
✅ Generated status.json at 09:56:48
✅ Generated status.json at 09:57:00
✅ Generated status.json at 09:57:12
✅ Generated status.json at 09:57:23
Current time: 2025-12-19 10:57 ET
Mode: LIVE - MAKING CHANGES
------------------------------------------------------------
Found 5 open positions
  ⏰ ACTIVE: KXBTCD-25DEC1911-T88999.99 settles at 11:00 ET
  ⏰ ACTIVE: KXBTCD-25DEC1911-T88249.99 settles at 11:00 ET
  ⏰ ACTIVE: KXBTCD-25DEC1911-T89249.99 settles at 11:00 ET
  ⏰ ACTIVE: KXBTCD-25DEC1911-T88749.99 settles at 11:00 ET
  ⏰ ACTIVE: KXBTCD-25DEC1911-T88499.99 settles at 11:00 ET
------------------------------------------------------------
Positions to close: 0
Total P&L: $0.00
✅ Generated status.json at 09:57:35
✅ Generated status.json at 09:57:47
✅ Generated status.json at 09:57:58
✅ Generated status.json at 09:58:10
✅ Generated status.json at 09:58:22
✅ Generated status.json at 09:58:33
Current time: 2025-12-19 10:58 ET
Mode: LIVE - MAKING CHANGES
------------------------------------------------------------
Found 5 open positions
  ⏰ ACTIVE: KXBTCD-25DEC1911-T88999.99 settles at 11:00 ET
  ⏰ ACTIVE: KXBTCD-25DEC1911-T88249.99 settles at 11:00 ET
  ⏰ ACTIVE: KXBTCD-25DEC1911-T89249.99 settles at 11:00 ET
  ⏰ ACTIVE: KXBTCD-25DEC1911-T88749.99 settles at 11:00 ET
  ⏰ ACTIVE: KXBTCD-25DEC1911-T88499.99 settles at 11:00 ET
------------------------------------------------------------
Positions to close: 0
Total P&L: $0.00
✅ Generated status.json at 09:58:45
✅ Generated status.json at 09:58:56
✅ Generated status.json at 09:59:08
✅ Generated status.json at 09:59:20
✅ Generated status.json at 09:59:32
✅ Generated status.json at 09:59:44
Current time: 2025-12-19 10:59 ET
Mode: LIVE - MAKING CHANGES
------------------------------------------------------------
Found 5 open positions
  ⏰ ACTIVE: KXBTCD-25DEC1911-T88999.99 settles at 11:00 ET
  ⏰ ACTIVE: KXBTCD-25DEC1911-T88249.99 settles at 11:00 ET
  ⏰ ACTIVE: KXBTCD-25DEC1911-T89249.99 settles at 11:00 ET
  ⏰ ACTIVE: KXBTCD-25DEC1911-T88749.99 settles at 11:00 ET
  ⏰ ACTIVE: KXBTCD-25DEC1911-T88499.99 settles at 11:00 ET
------------------------------------------------------------
Positions to close: 0
Total P&L: $0.00
✅ Generated status.json at 09:59:56
✅ Generated status.json at 10:00:07
✅ Generated status.json at 10:00:19
✅ Generated status.json at 10:00:31
✅ Generated status.json at 10:00:43
✅ Generated status.json at 10:00:54
Current time: 2025-12-19 11:01 ET
Mode: LIVE - MAKING CHANGES
------------------------------------------------------------
Found 9 open positions
  ⚠️ No settlement result for KXBTCD-25DEC1911-T88999.99 (strike 88999.99)
  ⚠️ No settlement result for KXBTCD-25DEC1911-T88249.99 (strike 88249.99)
  ⚠️ No settlement result for KXBTCD-25DEC1911-T89249.99 (strike 89249.99)
  ⚠️ No settlement result for KXBTCD-25DEC1911-T88749.99 (strike 88749.99)
  ⚠️ No settlement result for KXBTCD-25DEC1911-T88499.99 (strike 88499.99)
  ⏰ ACTIVE: KXBTCD-25DEC1912-T88249.99 settles at 12:00 ET
  ⏰ ACTIVE: KXBTCD-25DEC1912-T88499.99 settles at 12:00 ET
  ⏰ ACTIVE: KXBTCD-25DEC1912-T87999.99 settles at 12:00 ET
  ⏰ ACTIVE: KXBTCD-25DEC1912-T88749.99 settles at 12:00 ET
------------------------------------------------------------
Positions to close: 0
Total P&L: $0.00
✅ Generated status.json at 10:01:06
✅ Generated status.json at 10:01:18
✅ Generated status.json at 10:01:31
✅ Generated status.json at 10:01:43
✅ Generated status.json at 10:01:55
Current time: 2025-12-19 11:02 ET
Mode: LIVE - MAKING CHANGES
------------------------------------------------------------
Found 9 open positions
  ✅ EXPIRED: KXBTCD-25DEC1911-T88999.99
     Entry: 85¢ → Exit: 100¢ | P&L: $1.50 (NO_WIN)
  ✅ EXPIRED: KXBTCD-25DEC1911-T88249.99
     Entry: 68¢ → Exit: 100¢ | P&L: $3.20 (NO_WIN)
  ✅ EXPIRED: KXBTCD-25DEC1911-T89249.99
     Entry: 84¢ → Exit: 100¢ | P&L: $0.32 (NO_WIN)
  ✅ EXPIRED: KXBTCD-25DEC1911-T88749.99
     Entry: 75¢ → Exit: 100¢ | P&L: $1.50 (NO_WIN)
  ✅ EXPIRED: KXBTCD-25DEC1911-T88499.99
     Entry: 79¢ → Exit: 100¢ | P&L: $2.10 (NO_WIN)
  ⏰ ACTIVE: KXBTCD-25DEC1912-T88249.99 settles at 12:00 ET
  ⏰ ACTIVE: KXBTCD-25DEC1912-T88499.99 settles at 12:00 ET
  ⏰ ACTIVE: KXBTCD-25DEC1912-T87999.99 settles at 12:00 ET
  ⏰ ACTIVE: KXBTCD-25DEC1912-T88749.99 settles at 12:00 ET
------------------------------------------------------------
Positions to close: 5
Total P&L: $8.62
✅ Changes committed to database
  📦 Closed 5 expired positions for $8.62
✅ Generated status.json at 10:02:07
✅ Generated status.json at 10:02:19
✅ Generated status.json at 10:02:30
✅ Generated status.json at 10:02:42
✅ Generated status.json at 10:02:54
✅ Generated status.json at 10:03:06
Current time: 2025-12-19 11:03 ET
Mode: LIVE - MAKING CHANGES
------------------------------------------------------------
Found 4 open positions
  ⏰ ACTIVE: KXBTCD-25DEC1912-T88249.99 settles at 12:00 ET
  ⏰ ACTIVE: KXBTCD-25DEC1912-T88499.99 settles at 12:00 ET
  ⏰ ACTIVE: KXBTCD-25DEC1912-T87999.99 settles at 12:00 ET
  ⏰ ACTIVE: KXBTCD-25DEC1912-T88749.99 settles at 12:00 ET
------------------------------------------------------------
Positions to close: 0
Total P&L: $0.00
✅ Generated status.json at 10:03:17
✅ Generated status.json at 10:03:29
✅ Generated status.json at 10:03:40
✅ Generated status.json at 10:03:52
✅ Generated status.json at 10:04:03
✅ Generated status.json at 10:04:15
Current time: 2025-12-19 11:04 ET
Mode: LIVE - MAKING CHANGES
------------------------------------------------------------
Found 4 open positions
  ⏰ ACTIVE: KXBTCD-25DEC1912-T88249.99 settles at 12:00 ET
  ⏰ ACTIVE: KXBTCD-25DEC1912-T88499.99 settles at 12:00 ET
  ⏰ ACTIVE: KXBTCD-25DEC1912-T87999.99 settles at 12:00 ET
  ⏰ ACTIVE: KXBTCD-25DEC1912-T88749.99 settles at 12:00 ET
------------------------------------------------------------
Positions to close: 0
Total P&L: $0.00
✅ Generated status.json at 10:04:26
✅ Generated status.json at 10:04:38
✅ Generated status.json at 10:04:51
✅ Generated status.json at 10:05:02
✅ Generated status.json at 10:05:14
✅ Generated status.json at 10:05:26
Current time: 2025-12-19 11:05 ET
Mode: LIVE - MAKING CHANGES
------------------------------------------------------------
Found 4 open positions
  ⏰ ACTIVE: KXBTCD-25DEC1912-T88249.99 settles at 12:00 ET
  ⏰ ACTIVE: KXBTCD-25DEC1912-T88499.99 settles at 12:00 ET
  ⏰ ACTIVE: KXBTCD-25DEC1912-T87999.99 settles at 12:00 ET
  ⏰ ACTIVE: KXBTCD-25DEC1912-T88749.99 settles at 12:00 ET
------------------------------------------------------------
Positions to close: 0
Total P&L: $0.00
✅ Generated status.json at 10:05:37
✅ Generated status.json at 10:05:49
✅ Generated status.json at 10:06:01
✅ Generated status.json at 10:06:13
✅ Generated status.json at 10:06:25
✅ Generated status.json at 10:06:37
Current time: 2025-12-19 11:06 ET
Mode: LIVE - MAKING CHANGES
------------------------------------------------------------
Found 2 open positions
  ⏰ ACTIVE: KXBTCD-25DEC1912-T88499.99 settles at 12:00 ET
  ⏰ ACTIVE: KXBTCD-25DEC1912-T88749.99 settles at 12:00 ET
------------------------------------------------------------
Positions to close: 0
Total P&L: $0.00
✅ Generated status.json at 10:06:49
✅ Generated status.json at 10:07:01
✅ Generated status.json at 10:07:13
✅ Generated status.json at 10:07:24
✅ Generated status.json at 10:07:37
✅ Generated status.json at 10:07:48
Current time: 2025-12-19 11:07 ET
Mode: LIVE - MAKING CHANGES
------------------------------------------------------------
Found 3 open positions
  ⏰ ACTIVE: KXBTCD-25DEC1912-T88499.99 settles at 12:00 ET
  ⏰ ACTIVE: KXBTCD-25DEC1912-T88749.99 settles at 12:00 ET
  ⏰ ACTIVE: KXBTCD-25DEC1912-T88999.99 settles at 12:00 ET
------------------------------------------------------------
Positions to close: 0
Total P&L: $0.00
✅ Generated status.json at 10:08:00
✅ Generated status.json at 10:08:12
✅ Generated status.json at 10:08:24
✅ Generated status.json at 10:08:35
✅ Generated status.json at 10:08:47
✅ Generated status.json at 10:08:59
Current time: 2025-12-19 11:09 ET
Mode: LIVE - MAKING CHANGES
------------------------------------------------------------
Found 3 open positions
  ⏰ ACTIVE: KXBTCD-25DEC1912-T88499.99 settles at 12:00 ET
  ⏰ ACTIVE: KXBTCD-25DEC1912-T88749.99 settles at 12:00 ET
  ⏰ ACTIVE: KXBTCD-25DEC1912-T88999.99 settles at 12:00 ET
------------------------------------------------------------
Positions to close: 0
Total P&L: $0.00
✅ Generated status.json at 10:09:11
✅ Generated status.json at 10:09:22
✅ Generated status.json at 10:09:34
✅ Generated status.json at 10:09:46
✅ Generated status.json at 10:09:58
✅ Generated status.json at 10:10:09
Current time: 2025-12-19 11:10 ET
Mode: LIVE - MAKING CHANGES
------------------------------------------------------------
Found 3 open positions
  ⏰ ACTIVE: KXBTCD-25DEC1912-T88499.99 settles at 12:00 ET
  ⏰ ACTIVE: KXBTCD-25DEC1912-T88749.99 settles at 12:00 ET
  ⏰ ACTIVE: KXBTCD-25DEC1912-T88999.99 settles at 12:00 ET
------------------------------------------------------------
Positions to close: 0
Total P&L: $0.00
✅ Generated status.json at 10:10:21
✅ Generated status.json at 10:10:33
✅ Generated status.json at 10:10:45
✅ Generated status.json at 10:10:57
✅ Generated status.json at 10:11:09
Current time: 2025-12-19 11:11 ET
Mode: LIVE - MAKING CHANGES